2023-10-18 09:09:34 [JavaFX Application Thread] INFO  o.j.w.Version - WELD-000900: 2.3.5 (Final)
2023-10-18 09:09:34 [JavaFX Application Thread] INFO  o.j.w.Bootstrap - WELD-000101: Transactional services not available. Injection of @Inject UserTransaction not available. Transactional observers will be invoked synchronously.
2023-10-18 09:09:34 [weld-worker-16] INFO  o.j.w.Bootstrap - WELD-000119: Not generating any bean definitions from ch.qos.logback.classic.gaffer.PropertyUtil$_upperCaseFirstLetter_closure1 because of underlying class loading error: Type org.codehaus.groovy.runtime.GeneratedClosure not found.  If this is unexpected, enable DEBUG logging to see the full error.
2023-10-18 09:09:34 [weld-worker-6] INFO  o.j.w.Bootstrap - WELD-000119: Not generating any bean definitions from org.jboss.logging.JBossLogManagerLogger because of underlying class loading error: Type org.jboss.logmanager.Level not found.  If this is unexpected, enable DEBUG logging to see the full error.
2023-10-18 09:09:34 [weld-worker-3] INFO  o.j.w.Bootstrap - WELD-000119: Not generating any bean definitions from org.jboss.weld.injection.spi.helpers.ForwardingJpaInjectionServices because of underlying class loading error: Type javax.persistence.EntityManager not found.  If this is unexpected, enable DEBUG logging to see the full error.
2023-10-18 09:09:35 [weld-worker-2] INFO  o.j.w.Bootstrap - WELD-000119: Not generating any bean definitions from javax.xml.stream.FactoryFinder$ClassLoaderFinder because of underlying class loading error: Type javax.xml.stream.FactoryFinder$ClassLoaderFinder not found.  If this is unexpected, enable DEBUG logging to see the full error.
2023-10-18 09:09:35 [weld-worker-10] INFO  o.j.w.Bootstrap - WELD-000119: Not generating any bean definitions from ch.qos.logback.classic.net.SMTPAppender because of underlying class loading error: Type javax.mail.Authenticator not found.  If this is unexpected, enable DEBUG logging to see the full error.
2023-10-18 09:09:35 [weld-worker-7] INFO  o.j.w.Bootstrap - WELD-000119: Not generating any bean definitions from org.jboss.logging.Log4jLogger because of underlying class loading error: Type org.apache.log4j.Priority not found.  If this is unexpected, enable DEBUG logging to see the full error.
2023-10-18 09:09:35 [weld-worker-2] INFO  o.j.w.Bootstrap - WELD-000119: Not generating any bean definitions from ch.qos.logback.classic.gaffer.ComponentDelegate because of underlying class loading error: Type groovy.lang.GroovyObject not found.  If this is unexpected, enable DEBUG logging to see the full error.
2023-10-18 09:09:35 [weld-worker-14] INFO  o.j.w.Bootstrap - WELD-000119: Not generating any bean definitions from ch.qos.logback.classic.gaffer.AppenderDelegate because of underlying class loading error: Type groovy.lang.GroovyObject not found.  If this is unexpected, enable DEBUG logging to see the full error.
2023-10-18 09:09:35 [weld-worker-12] INFO  o.j.w.Bootstrap - WELD-000119: Not generating any bean definitions from com.sun.xml.bind.v2.runtime.output.StAXExStreamWriterOutput because of underlying class loading error: Type org.jvnet.staxex.XMLStreamWriterEx not found.  If this is unexpected, enable DEBUG logging to see the full error.
2023-10-18 09:09:35 [weld-worker-9] INFO  o.j.w.Bootstrap - WELD-000119: Not generating any bean definitions from ch.qos.logback.classic.gaffer.GafferConfigurator because of underlying class loading error: Type groovy.lang.GroovyObject not found.  If this is unexpected, enable DEBUG logging to see the full error.
2023-10-18 09:09:35 [weld-worker-12] INFO  o.j.w.Bootstrap - WELD-000119: Not generating any bean definitions from ch.qos.logback.classic.boolex.JaninoEventEvaluator because of underlying class loading error: Type org.codehaus.janino.ScriptEvaluator not found.  If this is unexpected, enable DEBUG logging to see the full error.
2023-10-18 09:09:35 [weld-worker-9] INFO  o.j.w.Bootstrap - WELD-000119: Not generating any bean definitions from org.jboss.weld.transaction.spi.TransactionServices because of underlying class loading error: Type javax.transaction.Synchronization not found.  If this is unexpected, enable DEBUG logging to see the full error.
2023-10-18 09:09:35 [weld-worker-13] INFO  o.j.w.Bootstrap - WELD-000119: Not generating any bean definitions from org.jboss.weld.injection.spi.JpaInjectionServices because of underlying class loading error: Type javax.persistence.EntityManager not found.  If this is unexpected, enable DEBUG logging to see the full error.
2023-10-18 09:09:35 [weld-worker-7] INFO  o.j.w.Bootstrap - WELD-000119: Not generating any bean definitions from ch.qos.logback.classic.gaffer.ConfigurationDelegate$_logger_closure1 because of underlying class loading error: Type org.codehaus.groovy.runtime.GeneratedClosure not found.  If this is unexpected, enable DEBUG logging to see the full error.
2023-10-18 09:09:35 [weld-worker-1] INFO  o.j.w.Bootstrap - WELD-000119: Not generating any bean definitions from ch.qos.logback.core.net.LoginAuthenticator because of underlying class loading error: Type javax.mail.Authenticator not found.  If this is unexpected, enable DEBUG logging to see the full error.
2023-10-18 09:09:35 [weld-worker-1] INFO  o.j.w.Bootstrap - WELD-000119: Not generating any bean definitions from org.apache.commons.logging.impl.LogKitLogger because of underlying class loading error: Type org.apache.log.Logger not found.  If this is unexpected, enable DEBUG logging to see the full error.
2023-10-18 09:09:35 [weld-worker-13] INFO  o.j.w.Bootstrap - WELD-000119: Not generating any bean definitions from ch.qos.logback.classic.gaffer.GafferConfigurator$_run_closure1 because of underlying class loading error: Type org.codehaus.groovy.runtime.GeneratedClosure not found.  If this is unexpected, enable DEBUG logging to see the full error.
2023-10-18 09:09:35 [weld-worker-2] INFO  o.j.w.Bootstrap - WELD-000119: Not generating any bean definitions from ch.qos.logback.classic.gaffer.GafferUtil because of underlying class loading error: Type groovy.lang.GroovyObject not found.  If this is unexpected, enable DEBUG logging to see the full error.
2023-10-18 09:09:35 [weld-worker-9] INFO  o.j.w.Bootstrap - WELD-000119: Not generating any bean definitions from ch.qos.logback.classic.gaffer.NestingType because of underlying class loading error: Type groovy.lang.GroovyObject not found.  If this is unexpected, enable DEBUG logging to see the full error.
2023-10-18 09:09:35 [weld-worker-2] INFO  o.j.w.Bootstrap - WELD-000119: Not generating any bean definitions from ch.qos.logback.classic.gaffer.ConfigurationDelegate$_copyContributions_closure2 because of underlying class loading error: Type org.codehaus.groovy.runtime.GeneratedClosure not found.  If this is unexpected, enable DEBUG logging to see the full error.
2023-10-18 09:09:35 [weld-worker-12] INFO  o.j.w.Bootstrap - WELD-000119: Not generating any bean definitions from org.apache.commons.logging.impl.Log4JLogger because of underlying class loading error: Type org.apache.log4j.Priority not found.  If this is unexpected, enable DEBUG logging to see the full error.
2023-10-18 09:09:35 [weld-worker-10] INFO  o.j.w.Bootstrap - WELD-000119: Not generating any bean definitions from org.jboss.logging.JBossLogManagerProvider because of underlying class loading error: Type org.jboss.logmanager.Logger$AttachmentKey not found.  If this is unexpected, enable DEBUG logging to see the full error.
2023-10-18 09:09:35 [weld-worker-12] INFO  o.j.w.Bootstrap - WELD-000119: Not generating any bean definitions from ch.qos.logback.classic.gaffer.PropertyUtil because of underlying class loading error: Type groovy.lang.GroovyObject not found.  If this is unexpected, enable DEBUG logging to see the full error.
2023-10-18 09:09:35 [weld-worker-11] INFO  o.j.w.Bootstrap - WELD-000119: Not generating any bean definitions from ch.qos.logback.classic.boolex.GEventEvaluator because of underlying class loading error: Type org.codehaus.groovy.control.CompilationFailedException not found.  If this is unexpected, enable DEBUG logging to see the full error.
2023-10-18 09:09:35 [weld-worker-16] INFO  o.j.w.Bootstrap - WELD-000119: Not generating any bean definitions from ch.qos.logback.classic.gaffer.AppenderDelegate$_closure1 because of underlying class loading error: Type org.codehaus.groovy.runtime.GeneratedClosure not found.  If this is unexpected, enable DEBUG logging to see the full error.
2023-10-18 09:09:35 [weld-worker-12] INFO  o.j.w.Bootstrap - WELD-000119: Not generating any bean definitions from ch.qos.logback.core.joran.conditional.PropertyEvalScriptBuilder because of underlying class loading error: Type org.codehaus.commons.compiler.CompileException not found.  If this is unexpected, enable DEBUG logging to see the full error.
2023-10-18 09:09:35 [weld-worker-8] INFO  o.j.w.Bootstrap - WELD-000119: Not generating any bean definitions from org.jboss.weld.event.TransactionSynchronizedRunnable because of underlying class loading error: Type javax.transaction.Synchronization not found.  If this is unexpected, enable DEBUG logging to see the full error.
2023-10-18 09:09:35 [weld-worker-15] INFO  o.j.w.Bootstrap - WELD-000119: Not generating any bean definitions from ch.qos.logback.classic.gaffer.ConfigurationDelegate because of underlying class loading error: Type groovy.lang.GroovyObject not found.  If this is unexpected, enable DEBUG logging to see the full error.
2023-10-18 09:09:35 [weld-worker-5] INFO  o.j.w.Bootstrap - WELD-000119: Not generating any bean definitions from org.apache.commons.logging.impl.AvalonLogger because of underlying class loading error: Type org.apache.avalon.framework.logger.Logger not found.  If this is unexpected, enable DEBUG logging to see the full error.
2023-10-18 09:09:35 [weld-worker-15] INFO  o.j.w.Bootstrap - WELD-000119: Not generating any bean definitions from javax.xml.stream.FactoryFinder$ClassLoaderFinderConcrete because of underlying class loading error: Type javax.xml.stream.FactoryFinder$ClassLoaderFinderConcrete not found.  If this is unexpected, enable DEBUG logging to see the full error.
2023-10-18 09:09:35 [weld-worker-15] INFO  o.j.w.Bootstrap - WELD-000119: Not generating any bean definitions from org.jboss.weld.validation.spi.ValidationServices because of underlying class loading error: Type javax.validation.ValidatorFactory not found.  If this is unexpected, enable DEBUG logging to see the full error.
2023-10-18 09:09:35 [weld-worker-1] INFO  o.j.w.Bootstrap - WELD-000119: Not generating any bean definitions from ch.qos.logback.core.net.SMTPAppenderBase because of underlying class loading error: Type javax.mail.Authenticator not found.  If this is unexpected, enable DEBUG logging to see the full error.
2023-10-18 09:09:35 [weld-worker-6] INFO  o.j.w.Bootstrap - WELD-000119: Not generating any bean definitions from com.sun.xml.bind.v2.runtime.unmarshaller.StAXExConnector because of underlying class loading error: Type org.jvnet.staxex.XMLStreamReaderEx not found.  If this is unexpected, enable DEBUG logging to see the full error.
2023-10-18 09:09:35 [weld-worker-7] INFO  o.j.w.Bootstrap - WELD-000119: Not generating any bean definitions from org.jboss.logging.Log4j2Logger because of underlying class loading error: Type org.apache.logging.log4j.message.Message not found.  If this is unexpected, enable DEBUG logging to see the full error.
2023-10-18 09:09:35 [weld-worker-14] INFO  o.j.w.Bootstrap - WELD-000119: Not generating any bean definitions from ch.qos.logback.core.boolex.JaninoEventEvaluatorBase because of underlying class loading error: Type org.codehaus.janino.ScriptEvaluator not found.  If this is unexpected, enable DEBUG logging to see the full error.
2023-10-18 09:09:35 [weld-worker-14] INFO  o.j.w.Bootstrap - WELD-000119: Not generating any bean definitions from ch.qos.logback.classic.boolex.EvaluatorTemplate because of underlying class loading error: Type groovy.lang.GroovyObject not found.  If this is unexpected, enable DEBUG logging to see the full error.
2023-10-18 09:09:36 [weld-worker-8] INFO  o.j.w.Bootstrap - WELD-001125: Illegal bean type class org.jboss.resteasy.plugins.providers.AbstractEntityProvider<javax.xml.bind.JAXBElement<?>> ignored on [EnhancedAnnotatedTypeImpl] public @Produces @Provider @Consumes class org.jboss.resteasy.plugins.providers.jaxb.JAXBElementProvider
2023-10-18 09:09:36 [weld-worker-8] INFO  o.j.w.Bootstrap - WELD-001125: Illegal bean type interface javax.ws.rs.ext.MessageBodyWriter<javax.xml.bind.JAXBElement<?>> ignored on [EnhancedAnnotatedTypeImpl] public @Produces @Provider @Consumes class org.jboss.resteasy.plugins.providers.jaxb.JAXBElementProvider
2023-10-18 09:09:36 [weld-worker-8] INFO  o.j.w.Bootstrap - WELD-001125: Illegal bean type interface javax.ws.rs.ext.MessageBodyReader<javax.xml.bind.JAXBElement<?>> ignored on [EnhancedAnnotatedTypeImpl] public @Produces @Provider @Consumes class org.jboss.resteasy.plugins.providers.jaxb.JAXBElementProvider
2023-10-18 09:09:36 [weld-worker-8] INFO  o.j.w.Bootstrap - WELD-001125: Illegal bean type org.jboss.resteasy.plugins.providers.jaxb.AbstractJAXBProvider<javax.xml.bind.JAXBElement<?>> ignored on [EnhancedAnnotatedTypeImpl] public @Produces @Provider @Consumes class org.jboss.resteasy.plugins.providers.jaxb.JAXBElementProvider
2023-10-18 09:09:36 [weld-worker-7] INFO  o.j.w.Bootstrap - WELD-001125: Illegal bean type com.google.common.util.concurrent.AbstractFuture<com.google.common.util.concurrent.ListenableFuture<? extends V>> ignored on [EnhancedAnnotatedTypeImpl] private final static  class com.google.common.util.concurrent.AsyncSettableFuture$NestedFuture
2023-10-18 09:09:36 [weld-worker-7] INFO  o.j.w.Bootstrap - WELD-001125: Illegal bean type interface com.google.common.util.concurrent.ListenableFuture<com.google.common.util.concurrent.ListenableFuture<? extends V>> ignored on [EnhancedAnnotatedTypeImpl] private final static  class com.google.common.util.concurrent.AsyncSettableFuture$NestedFuture
2023-10-18 09:09:36 [weld-worker-7] INFO  o.j.w.Bootstrap - WELD-001125: Illegal bean type interface java.util.concurrent.Future<com.google.common.util.concurrent.ListenableFuture<? extends V>> ignored on [EnhancedAnnotatedTypeImpl] private final static  class com.google.common.util.concurrent.AsyncSettableFuture$NestedFuture
2023-10-18 09:09:36 [weld-worker-11] INFO  o.j.w.Bootstrap - WELD-001125: Illegal bean type com.google.common.collect.Cut<java.lang.Comparable<?>> ignored on [EnhancedAnnotatedTypeImpl] private final static  class com.google.common.collect.Cut$BelowAll
2023-10-18 09:09:36 [weld-worker-11] INFO  o.j.w.Bootstrap - WELD-001125: Illegal bean type interface java.lang.Comparable<class com.google.common.collect.Cut<java.lang.Comparable<?>>> ignored on [EnhancedAnnotatedTypeImpl] private final static  class com.google.common.collect.Cut$BelowAll
2023-10-18 09:09:37 [weld-worker-2] INFO  o.j.w.Bootstrap - WELD-001125: Illegal bean type com.google.common.collect.ForwardingMap<com.google.common.reflect.TypeToken<? extends B>, B> ignored on [EnhancedAnnotatedTypeImpl] public final  class com.google.common.reflect.MutableTypeToInstanceMap
2023-10-18 09:09:37 [weld-worker-2] INFO  o.j.w.Bootstrap - WELD-001125: Illegal bean type interface java.util.Map<com.google.common.reflect.TypeToken<? extends B>,B> ignored on [EnhancedAnnotatedTypeImpl] public final  class com.google.common.reflect.MutableTypeToInstanceMap
2023-10-18 09:09:37 [weld-worker-1] INFO  o.j.w.Bootstrap - WELD-001125: Illegal bean type com.google.common.collect.Cut<java.lang.Comparable<?>> ignored on [EnhancedAnnotatedTypeImpl] private final static  class com.google.common.collect.Cut$AboveAll
2023-10-18 09:09:37 [weld-worker-1] INFO  o.j.w.Bootstrap - WELD-001125: Illegal bean type interface java.lang.Comparable<class com.google.common.collect.Cut<java.lang.Comparable<?>>> ignored on [EnhancedAnnotatedTypeImpl] private final static  class com.google.common.collect.Cut$AboveAll
2023-10-18 09:09:37 [weld-worker-9] INFO  o.j.w.Bootstrap - WELD-001125: Illegal bean type interface java.util.concurrent.ConcurrentMap<java.lang.Class<?>,class javax.el.BeanELResolver$BeanProperties> ignored on [EnhancedAnnotatedTypeImpl] private static  class javax.el.BeanELResolver$SoftConcurrentHashMap
2023-10-18 09:09:37 [weld-worker-9] INFO  o.j.w.Bootstrap - WELD-001125: Illegal bean type class java.util.AbstractMap<java.lang.Class<?>,class javax.el.BeanELResolver$BeanProperties> ignored on [EnhancedAnnotatedTypeImpl] private static  class javax.el.BeanELResolver$SoftConcurrentHashMap
2023-10-18 09:09:37 [weld-worker-9] INFO  o.j.w.Bootstrap - WELD-001125: Illegal bean type java.util.concurrent.ConcurrentHashMap<java.lang.Class<?>, javax.el.BeanELResolver$BeanProperties> ignored on [EnhancedAnnotatedTypeImpl] private static  class javax.el.BeanELResolver$SoftConcurrentHashMap
2023-10-18 09:09:37 [weld-worker-9] INFO  o.j.w.Bootstrap - WELD-001125: Illegal bean type interface java.util.Map<java.lang.Class<?>,class javax.el.BeanELResolver$BeanProperties> ignored on [EnhancedAnnotatedTypeImpl] private static  class javax.el.BeanELResolver$SoftConcurrentHashMap
2023-10-18 09:09:37 [JavaFX Application Thread] INFO  o.j.w.Bootstrap - WELD-ENV-002003: Weld SE container STATIC_INSTANCE initialized
2023-10-18 09:09:38 [JavaFX Application Thread] WARN  d.j.o.m.g.c.o.OperationsPane - No item selected
2023-10-18 09:09:38 [JavaFX Application Thread] INFO  d.j.o.m.d.s.t.UpdateMaskingAreaScheduler - Starting UpdateMaskingAreaScheduler for fetching masking area entries periodically (running at thread JavaFX Application Thread)
2023-10-18 09:09:39 [JavaFX Application Thread] INFO  d.j.o.m.g.ConfiguratorApplication - Application is now started
2023-10-18 09:09:39 [JavaFX Application Thread] INFO  d.j.o.m.g.c.l.LoginDialog - Hack for avoiding https://bugs.openjdk.java.net/browse/JDK-8140491
2023-10-18 09:09:48 [JavaFX Application Thread] DEBUG d.j.o.m.g.ConfiguratorController - User authenticated: AuthenticationData [username=StringProperty [value: jb0278]]
2023-10-18 09:09:52 [ForkJoinPool.commonPool-worker-19] DEBUG d.j.o.m.d.s.p.w.NewEventListener - on connection change: true
2023-10-18 09:09:52 [ForkJoinPool.commonPool-worker-19] DEBUG d.j.o.m.d.s.p.w.NewEventListener - websocket opened
2023-10-18 09:10:34 [JavaFX Application Thread] DEBUG d.j.o.m.g.ConfiguratorController - Operation details for camunda:oracle-masking:v0-0-3:471851 : dk.jyskebank.oracle.metadata.dao.services.repo.dto.operationdetails.OperationDetailsDTO@7a1839cd
2023-10-18 16:34:36 [HttpClient-1-SelectorManager] WARN  d.j.i.n.w.c.SimpleListenerHandler - WebSocket failure: Connection timed out
java.io.IOException: Connection timed out
	at java.base/sun.nio.ch.FileDispatcherImpl.read0(Native Method)
	at java.base/sun.nio.ch.SocketDispatcher.read(SocketDispatcher.java:39)
	at java.base/sun.nio.ch.IOUtil.readIntoNativeBuffer(IOUtil.java:276)
	at java.base/sun.nio.ch.IOUtil.read(IOUtil.java:233)
	at java.base/sun.nio.ch.IOUtil.read(IOUtil.java:223)
	at java.base/sun.nio.ch.SocketChannelImpl.read(SocketChannelImpl.java:356)
	at java.net.http/jdk.internal.net.http.SocketTube.readAvailable(SocketTube.java:1153)
	at java.net.http/jdk.internal.net.http.SocketTube$InternalReadPublisher$InternalReadSubscription.read(SocketTube.java:821)
	at java.net.http/jdk.internal.net.http.SocketTube$SocketFlowTask.run(SocketTube.java:175)
	at java.net.http/jdk.internal.net.http.common.SequentialScheduler$SchedulableTask.run(SequentialScheduler.java:198)
	at java.net.http/jdk.internal.net.http.common.SequentialScheduler.runOrSchedule(SequentialScheduler.java:271)
	at java.net.http/jdk.internal.net.http.common.SequentialScheduler.runOrSchedule(SequentialScheduler.java:224)
	at java.net.http/jdk.internal.net.http.SocketTube$InternalReadPublisher$InternalReadSubscription.signalReadable(SocketTube.java:763)
	at java.net.http/jdk.internal.net.http.SocketTube$InternalReadPublisher$ReadEvent.signalEvent(SocketTube.java:941)
	at java.net.http/jdk.internal.net.http.SocketTube$SocketFlowEvent.handle(SocketTube.java:245)
	at java.net.http/jdk.internal.net.http.HttpClientImpl$SelectorManager.handleEvent(HttpClientImpl.java:957)
	at java.net.http/jdk.internal.net.http.HttpClientImpl$SelectorManager.lambda$run$3(HttpClientImpl.java:912)
	at java.base/java.util.ArrayList.forEach(ArrayList.java:1541)
	at java.net.http/jdk.internal.net.http.HttpClientImpl$SelectorManager.run(HttpClientImpl.java:912)
2023-10-18 16:34:36 [HttpClient-1-SelectorManager] DEBUG d.j.o.m.d.s.p.w.NewEventListener - on connection change: false
2023-10-18 16:34:36 [Thread-11] INFO  d.j.i.n.w.c.WebSocketClient - Waiting a bit before trying to re-open websocket connection to wss://app-processfrontend.corp.jyskebank.net:443/process-frontend/processinstanceevents
2023-10-18 16:35:00 [Thread-11] DEBUG d.j.o.m.d.s.p.w.NewEventListener - on connection change: false
2023-10-18 16:35:00 [Thread-12] INFO  d.j.i.n.w.c.WebSocketClient - Waiting a bit before trying to re-open websocket connection to wss://app-processfrontend.corp.jyskebank.net:443/process-frontend/processinstanceevents
2023-10-18 16:35:39 [Thread-12] DEBUG d.j.o.m.d.s.p.w.NewEventListener - on connection change: false
2023-10-18 16:35:39 [Thread-13] INFO  d.j.i.n.w.c.WebSocketClient - Waiting a bit before trying to re-open websocket connection to wss://app-processfrontend.corp.jyskebank.net:443/process-frontend/processinstanceevents
2023-10-18 16:36:33 [Thread-13] DEBUG d.j.o.m.d.s.p.w.NewEventListener - on connection change: false
2023-10-18 16:36:33 [Thread-14] INFO  d.j.i.n.w.c.WebSocketClient - Waiting a bit before trying to re-open websocket connection to wss://app-processfrontend.corp.jyskebank.net:443/process-frontend/processinstanceevents
